  [1m[35m (0.3ms)[0m  [1m[34mSELECT pg_try_advisory_lock(3818808139712404545)[0m
  [1m[35m (1.1ms)[0m  [1m[34mSELECT "schema_migrations"."version" FROM "schema_migrations" ORDER BY "schema_migrations"."version" ASC[0m
  [1m[36mActiveRecord::InternalMetadata Load (0.5ms)[0m  [1m[34mSELECT  "ar_internal_metadata".* FROM "ar_internal_metadata" WHERE "ar_internal_metadata"."key" = $1 LIMIT $2[0m  [["key", "environment"], ["LIMIT", 1]]
  [1m[35m (0.2ms)[0m  [1m[35mBEGIN[0m
  [1m[35m (0.2ms)[0m  [1m[35mCOMMIT[0m
  [1m[35m (0.2ms)[0m  [1m[34mSELECT pg_advisory_unlock(3818808139712404545)[0m
  [1m[35m (0.3ms)[0m  [1m[34mSELECT "schema_migrations"."version" FROM "schema_migrations" ORDER BY "schema_migrations"."version" ASC[0m
Started GET "/" for 127.0.0.1 at 2018-01-25 20:57:03 -0800
  [1m[35m (0.9ms)[0m  [1m[34mSELECT "schema_migrations"."version" FROM "schema_migrations" ORDER BY "schema_migrations"."version" ASC[0m
Processing by ArticlesController#index as HTML
  Rendering articles/index.html.erb within layouts/application
  [1m[36mArticle Load (0.7ms)[0m  [1m[34mSELECT "articles".* FROM "articles"[0m
  Rendered articles/index.html.erb within layouts/application (5.8ms)
Completed 200 OK in 1021ms (Views: 993.8ms | ActiveRecord: 2.3ms)


Started GET "/login" for 127.0.0.1 at 2018-01-25 20:57:08 -0800
Processing by AuthorSessionsController#new as HTML
  Rendering author_sessions/new.html.erb within layouts/application
  Rendered author_sessions/new.html.erb within layouts/application (3.3ms)
Completed 200 OK in 62ms (Views: 58.0ms | ActiveRecord: 0.0ms)


Started GET "/authors" for 127.0.0.1 at 2018-01-25 20:57:16 -0800
Processing by AuthorsController#index as HTML
Redirected to http://localhost:3000/
Filter chain halted as :require_login rendered or redirected
Completed 302 Found in 2ms (ActiveRecord: 0.0ms)


Started GET "/" for 127.0.0.1 at 2018-01-25 20:57:16 -0800
Processing by ArticlesController#index as HTML
  Rendering articles/index.html.erb within layouts/application
  [1m[36mArticle Load (0.3ms)[0m  [1m[34mSELECT "articles".* FROM "articles"[0m
  Rendered articles/index.html.erb within layouts/application (2.2ms)
Completed 200 OK in 57ms (Views: 53.9ms | ActiveRecord: 0.3ms)


Started GET "/authors/new" for 127.0.0.1 at 2018-01-25 20:57:21 -0800
Processing by AuthorsController#new as HTML
  [1m[35m (0.7ms)[0m  [1m[34mSELECT COUNT(*) FROM "authors"[0m
  Rendering authors/new.html.erb within layouts/application
  Rendered authors/_form.html.erb (20.4ms)
  Rendered authors/new.html.erb within layouts/application (25.5ms)
Completed 200 OK in 95ms (Views: 73.3ms | ActiveRecord: 5.1ms)


Started POST "/authors" for 127.0.0.1 at 2018-01-25 20:57:29 -0800
Processing by AuthorsController#create as HTML
  Parameters: {"utf8"=>"✓", "authenticity_token"=>"kSITVfa8xUCxx8eZrMCo7KYJjZ5UDnCYvdnhZf3Ruobf28H2LNxvgjnkNv3IKsM4wizLvnPZpFQ780hTBZTCyg==", "author"=>{"username"=>"Derrick", "email"=>"example@example.com", "password"=>"[FILTERED]", "password_confirmation"=>"[FILTERED]"}, "commit"=>"Create Author"}
  [1m[35m (0.4ms)[0m  [1m[34mSELECT COUNT(*) FROM "authors"[0m
  [1m[35m (0.8ms)[0m  [1m[35mBEGIN[0m
  [1m[35mSQL (1.0ms)[0m  [1m[32mINSERT INTO "authors" ("username", "email", "crypted_password", "salt", "created_at", "updated_at") VALUES ($1, $2, $3, $4, $5, $6) RETURNING "id"[0m  [["username", "Derrick"], ["email", "example@example.com"], ["crypted_password", "$2a$10$28eKEQi5QrbrWHzr3i8wg.u7AxQJPDauzckpvygoB.FjWiHo6T4TO"], ["salt", "JsQsxDyySgRW6oUWmsXJ"], ["created_at", "2018-01-26 04:57:29.386817"], ["updated_at", "2018-01-26 04:57:29.386817"]]
  [1m[35m (1.3ms)[0m  [1m[35mCOMMIT[0m
Redirected to http://localhost:3000/authors/1
Completed 302 Found in 93ms (ActiveRecord: 3.5ms)


Started GET "/authors/1" for 127.0.0.1 at 2018-01-25 20:57:29 -0800
Processing by AuthorsController#show as HTML
  Parameters: {"id"=>"1"}
  [1m[36mAuthor Load (0.3ms)[0m  [1m[34mSELECT  "authors".* FROM "authors" WHERE "authors"."id" = $1 LIMIT $2[0m  [["id", 1], ["LIMIT", 1]]
Redirected to http://localhost:3000/
Filter chain halted as :require_login rendered or redirected
Completed 302 Found in 6ms (ActiveRecord: 0.5ms)


Started GET "/" for 127.0.0.1 at 2018-01-25 20:57:29 -0800
Processing by ArticlesController#index as HTML
  Rendering articles/index.html.erb within layouts/application
  [1m[36mArticle Load (0.3ms)[0m  [1m[34mSELECT "articles".* FROM "articles"[0m
  Rendered articles/index.html.erb within layouts/application (1.6ms)
Completed 200 OK in 76ms (Views: 72.7ms | ActiveRecord: 0.3ms)


Started GET "/" for 127.0.0.1 at 2018-01-25 21:02:11 -0800
  [1m[35m (1.2ms)[0m  [1m[34mSELECT "schema_migrations"."version" FROM "schema_migrations" ORDER BY "schema_migrations"."version" ASC[0m
Processing by ArticlesController#index as HTML
  Rendering articles/index.html.erb within layouts/application
  [1m[36mArticle Load (0.8ms)[0m  [1m[34mSELECT "articles".* FROM "articles"[0m
  Rendered articles/index.html.erb within layouts/application (8.0ms)
Completed 200 OK in 488ms (Views: 449.9ms | ActiveRecord: 3.3ms)


Started GET "/login" for 127.0.0.1 at 2018-01-25 21:02:15 -0800
Processing by AuthorSessionsController#new as HTML
  Rendering author_sessions/new.html.erb within layouts/application
  Rendered author_sessions/new.html.erb within layouts/application (1.5ms)
Completed 200 OK in 62ms (Views: 56.0ms | ActiveRecord: 0.0ms)


Started POST "/author_sessions" for 127.0.0.1 at 2018-01-25 21:02:20 -0800
Processing by AuthorSessionsController#create as HTML
  Parameters: {"utf8"=>"✓", "authenticity_token"=>"ZcGAJ4Elf/RgcBat9GnWHkMUtbZ7GyfDirFr7ky8lnvqjLYTd7sxR7VgnG/Tma9pKwMm3c4l+ZS48dB76+T4fg==", "email"=>"example@example.com", "password"=>"[FILTERED]", "commit"=>"Login"}
  [1m[36mAuthor Load (1.2ms)[0m  [1m[34mSELECT  "authors".* FROM "authors" WHERE "authors"."email" = 'example@example.com' ORDER BY "authors"."id" ASC LIMIT $1[0m  [["LIMIT", 1]]
Redirected to http://localhost:3000/authors/1
Completed 302 Found in 184ms (ActiveRecord: 7.3ms)


Started GET "/authors/1" for 127.0.0.1 at 2018-01-25 21:02:20 -0800
Processing by AuthorsController#show as HTML
  Parameters: {"id"=>"1"}
  [1m[36mAuthor Load (0.8ms)[0m  [1m[34mSELECT  "authors".* FROM "authors" WHERE "authors"."id" = $1 LIMIT $2[0m  [["id", 1], ["LIMIT", 1]]
  [1m[36mCACHE Author Load (0.0ms)[0m  [1m[34mSELECT  "authors".* FROM "authors" WHERE "authors"."id" = $1 LIMIT $2[0m  [["id", 1], ["LIMIT", 1]]
  Rendering authors/show.html.erb within layouts/application
  Rendered authors/show.html.erb within layouts/application (1.0ms)
Completed 200 OK in 68ms (Views: 58.0ms | ActiveRecord: 1.1ms)


Started GET "/authors" for 127.0.0.1 at 2018-01-25 21:02:24 -0800
Processing by AuthorsController#index as HTML
  [1m[36mAuthor Load (0.3ms)[0m  [1m[34mSELECT  "authors".* FROM "authors" WHERE "authors"."id" = $1 LIMIT $2[0m  [["id", 1], ["LIMIT", 1]]
  Rendering authors/index.html.erb within layouts/application
  [1m[36mAuthor Load (0.5ms)[0m  [1m[34mSELECT "authors".* FROM "authors"[0m
  Rendered authors/index.html.erb within layouts/application (2.7ms)
Completed 200 OK in 58ms (Views: 53.0ms | ActiveRecord: 0.8ms)


Started GET "/" for 127.0.0.1 at 2018-01-25 21:02:29 -0800
Processing by ArticlesController#index as HTML
  Rendering articles/index.html.erb within layouts/application
  [1m[36mAuthor Load (0.3ms)[0m  [1m[34mSELECT  "authors".* FROM "authors" WHERE "authors"."id" = $1 LIMIT $2[0m  [["id", 1], ["LIMIT", 1]]
  [1m[36mArticle Load (0.4ms)[0m  [1m[34mSELECT "articles".* FROM "articles"[0m
  Rendered articles/index.html.erb within layouts/application (3.2ms)
Completed 200 OK in 58ms (Views: 54.5ms | ActiveRecord: 0.7ms)


Started GET "/logout" for 127.0.0.1 at 2018-01-25 21:02:35 -0800
Processing by AuthorSessionsController#destroy as HTML
  [1m[36mAuthor Load (2.2ms)[0m  [1m[34mSELECT  "authors".* FROM "authors" WHERE "authors"."id" = $1 LIMIT $2[0m  [["id", 1], ["LIMIT", 1]]
Redirected to http://localhost:3000/articles
Completed 302 Found in 6ms (ActiveRecord: 2.2ms)


Started GET "/articles" for 127.0.0.1 at 2018-01-25 21:02:35 -0800
Processing by ArticlesController#index as HTML
  Rendering articles/index.html.erb within layouts/application
  [1m[36mArticle Load (1.1ms)[0m  [1m[34mSELECT "articles".* FROM "articles"[0m
  Rendered articles/index.html.erb within layouts/application (4.8ms)
Completed 200 OK in 87ms (Views: 82.6ms | ActiveRecord: 1.1ms)


Started GET "/login" for 127.0.0.1 at 2018-01-25 21:02:36 -0800
Processing by AuthorSessionsController#new as HTML
  Rendering author_sessions/new.html.erb within layouts/application
  Rendered author_sessions/new.html.erb within layouts/application (1.1ms)
Completed 200 OK in 57ms (Views: 54.5ms | ActiveRecord: 0.0ms)


